[LOG] System::create                           : Header version = 2.00.05. Current version = 2.00.05.
[LOG] Manager::init                            : maxchannels = 256 studioflags = 00000006 flags 00000000 extradriverdata 0000000000000000.
[LOG] SystemI::init                            : Initialize version=20005 (105402), maxchannels=256, flags=0x00020000
[LOG] SystemI::setOutputInternal               : Setting output to 'FMOD WASAPI Output'
[LOG] OutputWASAPI::init                       : Mix Format (WAVEFORMATEX): wFormatTag=0xFFFE, nChannels=2, nSamplesPerSec=48000, nAvgBytesPerSec=384000, nBlockAlign=8, wBitsPerSample=32, cbSize=22.
[LOG] OutputWASAPI::init                       : Mix Format (WAVEFORMATEXTENSIBLE): wValidBitsPerSample=32, dwChannelMask=0x00000003, SubFormat=00000003-0000-0010-8000-00AA00389B71.
[LOG] OutputWASAPI::init                       : Output buffer size: 4096 samples, latency: 0.00ms, period: 10.00ms, DSP buffer: 1024 * 4
[LOG] Thread::initThread                       : Init FMOD stream thread. Priority: 2, Stack Size: 98304, Semaphore: No, Sleep Time: 10, Looping: Yes.
[LOG] Thread::initThread                       : Init FMOD mixer thread. Priority: 3, Stack Size: 81920, Semaphore: No, Sleep Time: 0, Looping: Yes.
[LOG] AsyncManager::init                       : manager 0000024856D35638 isAsync 0 updatePeriod 0.02
[LOG] AsyncManager::init                       : done
[LOG] PlaybackSystem::init                     : 
[LOG] Thread::initThread                       : Init FMOD Studio sample load thread. Priority: 0, Stack Size: 98304, Semaphore: No, Sleep Time: 1, Looping: No.
[LOG] PlaybackSystem::init                     : done
[LOG] Thread::initThread                       : Init FMOD Studio bank load thread. Priority: 0, Stack Size: 98304, Semaphore: No, Sleep Time: 1, Looping: No.
[LOG] Manager::init                            : done.
[LOG] Manager::readBank                        : fileversion = 123, compatVersion = 119 (oldest = 44, newest = 123)
[LOG] SystemI::createSound                     : filename = FMOD\egyptFmod\Build\Desktop/Master.bank : mode 02010082
[LOG] SystemI::createSound                     : FMOD_NONBLOCKING specified.  Putting into queue to be opened asynchronously!
[LOG] SystemI::createSound                     : setdata soundi = 0000024879D04F48 : node = 00000248669601F0
[LOG] SystemI::createSound                     : add node to async list : head = 0000024839DBB398.  list count = 0
[LOG] AsyncThread::threadFunc                  : Starting Asynchronous operation on sound 0000024879D04F48
[LOG] SystemI::createSoundInternal             :     Create name='FMOD\egyptFmod\Build\Desktop/Master.bank', mode=0x02010082
[LOG] SystemI::createSoundInternal             :     exinfo->cbsize             = 224
[LOG] SystemI::createSoundInternal             :     exinfo->length             = 4691264
[LOG] SystemI::createSoundInternal             :     exinfo->fileoffset         = 20608
[LOG] SystemI::createSoundInternal             :     exinfo->numsubsounds       = 1
[LOG] SystemI::createSoundInternal             :     exinfo->inclusionlist      = 0000024866960300
[LOG] SystemI::createSoundInternal             :     exinfo->inclusionlistnum   = 1
[LOG] SystemI::createSoundInternal             :     exinfo->suggestedsoundtype = 5
[LOG] SystemI::createSoundInternal             :     exinfo->initialseekposition = 40677
[LOG] SystemI::createSoundInternal             :     exinfo->initialseekpostype = 1
[LOG] SystemI::createSoundInternal             :     Stream 0/1: name='egyptLevel3tiutaBassFix2_mastered', format=2, channels=2, frequency=48000, lengthbytes=1455808, lengthpcm=5121346, pcmblocksize=0, loopstart=0, loopend=0, mode=0x00000000, channelmask=0x00000000, channelorder=0, peakvolume=0.966051.
[LOG] AsyncThread::threadFunc                  : Finished Asynchronous operation on sound 0000024879D04F48
[LOG] SoundI::getSubSound                      : sound 0000024879D04F48.  Subsound index 0 / 1
[LOG] SystemI::createSoundInternal             : Create name='', mode=0x02000202
[LOG] SystemI::createSoundInternal             : exinfo->cbsize             = 224
[LOG] SystemI::createSoundInternal             : exinfo->length             = 4691264
[LOG] SystemI::createSoundInternal             : exinfo->fileoffset         = 20608
[LOG] SystemI::createSoundInternal             : exinfo->numsubsounds       = 1
[LOG] SystemI::createSoundInternal             : exinfo->inclusionlist      = 000000998A3FEFAC
[LOG] SystemI::createSoundInternal             : exinfo->inclusionlistnum   = 1
[LOG] SystemI::createSoundInternal             : exinfo->suggestedsoundtype = 5
[LOG] SystemI::createSoundInternal             : exinfo->useropen           = 00007FF860C37F20
[LOG] SystemI::createSoundInternal             : exinfo->userclose          = 00007FF860C37EF0
[LOG] SystemI::createSoundInternal             : exinfo->userread           = 00007FF860C37FF0
[LOG] SystemI::createSoundInternal             : exinfo->userseek           = 00007FF860C380B0
[LOG] SystemI::createSoundInternal             : exinfo->fileuserdata       = 000002484FB37498
[LOG] SystemI::createSoundInternal             : exinfo->initialseekpostype = 1
[LOG] SystemI::DSPCodecPoolRegister            : register codec pool for pool type 5
[LOG] SystemI::createSoundInternal             : Sample 0/1: name='dropLong', format=2, channels=2, frequency=48000, lengthbytes=23232, lengthpcm=103453, pcmblocksize=0, loopstart=0, loopend=0, mode=0x00000000, channelmask=0x00000000, channelorder=0, peakvolume=0.523411.
[LOG] SoundI::release                          : egyptLevel3firstStrings_mastered (0000024851442928)
[LOG] SoundI::release                          :     egyptLevel3firstStrings_mastered (0000024839DBAF08)
[LOG] SoundI::release                          :     egyptLevel3firstStrings_mastered (0000024879DD0DE8)
[LOG] SystemI::createSoundInternal             : Create name='', mode=0x02000202
[LOG] SystemI::createSoundInternal             : exinfo->cbsize             = 224
[LOG] SystemI::createSoundInternal             : exinfo->length             = 4691264
[LOG] SystemI::createSoundInternal             : exinfo->fileoffset         = 20608
[LOG] SystemI::createSoundInternal             : exinfo->numsubsounds       = 1
[LOG] SystemI::createSoundInternal             : exinfo->inclusionlist      = 000000998A3FEFAC
[LOG] SystemI::createSoundInternal             : exinfo->inclusionlistnum   = 1
[LOG] SystemI::createSoundInternal             : exinfo->suggestedsoundtype = 5
[LOG] SystemI::createSoundInternal             : exinfo->useropen           = 00007FF860C37F20
[LOG] SystemI::createSoundInternal             : exinfo->userclose          = 00007FF860C37EF0
[LOG] SystemI::createSoundInternal             : exinfo->userread           = 00007FF860C37FF0
[LOG] SystemI::createSoundInternal             : exinfo->userseek           = 00007FF860C380B0
[LOG] SystemI::createSoundInternal             : exinfo->fileuserdata       = 000002484FB33CE8
[LOG] SystemI::createSoundInternal             : exinfo->initialseekpostype = 1
[LOG] SystemI::DSPCodecPoolRegister            : register codec pool for pool type 5
[LOG] SystemI::createSoundInternal             : Sample 0/1: name='FootstepsCement_BW.7537_normalized-002', format=2, channels=2, frequency=48000, lengthbytes=5280, lengthpcm=24000, pcmblocksize=0, loopstart=0, loopend=0, mode=0x00000000, channelmask=0x00000000, channelorder=0, peakvolume=0.699281.
[LOG] SystemI::createSoundInternal             : Create name='', mode=0x02000202
[LOG] SystemI::createSoundInternal             : exinfo->cbsize             = 224
[LOG] SystemI::createSoundInternal             : exinfo->length             = 4691264
[LOG] SystemI::createSoundInternal             : exinfo->fileoffset         = 20608
[LOG] SystemI::createSoundInternal             : exinfo->numsubsounds       = 1
[LOG] SystemI::createSoundInternal             : exinfo->inclusionlist      = 000000998A3FEFAC
[LOG] SystemI::createSoundInternal             : exinfo->inclusionlistnum   = 1
[LOG] SystemI::createSoundInternal             : exinfo->suggestedsoundtype = 5
[LOG] SystemI::createSoundInternal             : exinfo->useropen           = 00007FF860C37F20
[LOG] SystemI::createSoundInternal             : exinfo->userclose          = 00007FF860C37EF0
[LOG] SystemI::createSoundInternal             : exinfo->userread           = 00007FF860C37FF0
[LOG] SystemI::createSoundInternal             : exinfo->userseek           = 00007FF860C380B0
[LOG] SystemI::createSoundInternal             : exinfo->fileuserdata       = 000002484FB33CE8
[LOG] SystemI::createSoundInternal             : exinfo->initialseekpostype = 1
[LOG] SystemI::DSPCodecPoolRegister            : register codec pool for pool type 5
[LOG] SystemI::createSoundInternal             : Sample 0/1: name='FootstepsCement_BW.7537_normalized-001', format=2, channels=2, frequency=48000, lengthbytes=3520, lengthpcm=15813, pcmblocksize=0, loopstart=0, loopend=0, mode=0x00000000, channelmask=0x00000000, channelorder=0, peakvolume=0.720269.
[LOG] SystemI::createSoundInternal             : Create name='', mode=0x02000202
[LOG] SystemI::createSoundInternal             : exinfo->cbsize             = 224
[LOG] SystemI::createSoundInternal             : exinfo->length             = 4691264
[LOG] SystemI::createSoundInternal             : exinfo->fileoffset         = 20608
[LOG] SystemI::createSoundInternal             : exinfo->numsubsounds       = 1
[LOG] SystemI::createSoundInternal             : exinfo->inclusionlist      = 000000998A3FEFAC
[LOG] SystemI::createSoundInternal             : exinfo->inclusionlistnum   = 1
[LOG] SystemI::createSoundInternal             : exinfo->suggestedsoundtype = 5
[LOG] SystemI::createSoundInternal             : exinfo->useropen           = 00007FF860C37F20
[LOG] SystemI::createSoundInternal             : exinfo->userclose          = 00007FF860C37EF0
[LOG] SystemI::createSoundInternal             : exinfo->userread           = 00007FF860C37FF0
[LOG] SystemI::createSoundInternal             : exinfo->userseek           = 00007FF860C380B0
[LOG] SystemI::createSoundInternal             : exinfo->fileuserdata       = 000002484FB35BD8
[LOG] SystemI::createSoundInternal             : exinfo->initialseekpostype = 1
[LOG] SystemI::DSPCodecPoolRegister            : register codec pool for pool type 5
[LOG] SystemI::createSoundInternal             : Sample 0/1: name='sfx_enemyShotExplodes_normForFmod', format=2, channels=2, frequency=48000, lengthbytes=2400, lengthpcm=6537, pcmblocksize=0, loopstart=0, loopend=0, mode=0x00000000, channelmask=0x00000000, channelorder=0, peakvolume=0.830483.
[LOG] SystemI::createSoundInternal             : Create name='', mode=0x02000202
[LOG] SystemI::createSoundInternal             : exinfo->cbsize             = 224
[LOG] SystemI::createSoundInternal             : exinfo->length             = 4691264
[LOG] SystemI::createSoundInternal             : exinfo->fileoffset         = 20608
[LOG] SystemI::createSoundInternal             : exinfo->numsubsounds       = 1
[LOG] SystemI::createSoundInternal             : exinfo->inclusionlist      = 000000998A3FEFAC
[LOG] SystemI::createSoundInternal             : exinfo->inclusionlistnum   = 1
[LOG] SystemI::createSoundInternal             : exinfo->suggestedsoundtype = 5
[LOG] SystemI::createSoundInternal             : exinfo->useropen           = 00007FF860C37F20
[LOG] SystemI::createSoundInternal             : exinfo->userclose          = 00007FF860C37EF0
[LOG] SystemI::createSoundInternal             : exinfo->userread           = 00007FF860C37FF0
[LOG] SystemI::createSoundInternal             : exinfo->userseek           = 00007FF860C380B0
[LOG] SystemI::createSoundInternal             : exinfo->fileuserdata       = 0000024817B9BC18
[LOG] SystemI::createSoundInternal             : exinfo->initialseekpostype = 1
[LOG] SystemI::DSPCodecPoolRegister            : register codec pool for pool type 5
[LOG] SystemI::createSoundInternal             : Sample 0/1: name='jump', format=2, channels=2, frequency=48000, lengthbytes=3584, lengthpcm=12216, pcmblocksize=0, loopstart=0, loopend=0, mode=0x00000000, channelmask=0x00000000, channelorder=0, peakvolume=0.803280.
[LOG] SystemI::createSoundInternal             : Create name='', mode=0x02000202
[LOG] SystemI::createSoundInternal             : exinfo->cbsize             = 224
[LOG] SystemI::createSoundInternal             : exinfo->length             = 4691264
[LOG] SystemI::createSoundInternal             : exinfo->fileoffset         = 20608
[LOG] SystemI::createSoundInternal             : exinfo->numsubsounds       = 1
[LOG] SystemI::createSoundInternal             : exinfo->inclusionlist      = 000000998A3FEFAC
[LOG] SystemI::createSoundInternal             : exinfo->inclusionlistnum   = 1
[LOG] SystemI::createSoundInternal             : exinfo->suggestedsoundtype = 5
[LOG] SystemI::createSoundInternal             : exinfo->useropen           = 00007FF860C37F20
[LOG] SystemI::createSoundInternal             : exinfo->userclose          = 00007FF860C37EF0
[LOG] SystemI::createSoundInternal             : exinfo->userread           = 00007FF860C37FF0
[LOG] SystemI::createSoundInternal             : exinfo->userseek           = 00007FF860C380B0
[LOG] SystemI::createSoundInternal             : exinfo->fileuserdata       = 000002484FB37498
[LOG] SystemI::createSoundInternal             : exinfo->initialseekpostype = 1
[LOG] SystemI::DSPCodecPoolRegister            : register codec pool for pool type 5
[LOG] SystemI::createSoundInternal             : Sample 0/1: name='land', format=2, channels=2, frequency=48000, lengthbytes=3104, lengthpcm=10728, pcmblocksize=0, loopstart=0, loopend=0, mode=0x00000000, channelmask=0x00000000, channelorder=0, peakvolume=0.760367.
[LOG] Manager::readBank                        : fileversion = 123, compatVersion = 119 (oldest = 44, newest = 123)
[LOG] Manager::readBank                        : fileversion = 123, compatVersion = 119 (oldest = 44, newest = 123)
[LOG] Manager::readBank                        : fileversion = 123, compatVersion = 119 (oldest = 44, newest = 123)
[LOG] SystemI::createSound                     : filename = FMOD\egyptFmod\Build\Desktop/Master.bank : mode 02010082
[LOG] SystemI::createSound                     : FMOD_NONBLOCKING specified.  Putting into queue to be opened asynchronously!
[LOG] SystemI::createSound                     : setdata soundi = 000002484F9445E8 : node = 000002486615DD70
[LOG] SystemI::createSound                     : add node to async list : head = 0000024839DBB398.  list count = 0
[LOG] AsyncThread::threadFunc                  : Starting Asynchronous operation on sound 000002484F9445E8
[LOG] SystemI::createSound                     : filename = FMOD\egyptFmod\Build\Desktop/Master.bank : mode 02010082
[LOG] SystemI::createSoundInternal             :     Create name='FMOD\egyptFmod\Build\Desktop/Master.bank', mode=0x02010082
[LOG] SystemI::createSound                     :     FMOD_NONBLOCKING specified.  Putting into queue to be opened asynchronously!
[LOG] SystemI::createSoundInternal             :     exinfo->cbsize             = 224
[LOG] SystemI::createSound                     :     setdata soundi = 000002484F944798 : node = 000002486615D4B0
[LOG] SystemI::createSoundInternal             :     exinfo->length             = 4691264
[LOG] SystemI::createSound                     :     add node to async list : head = 0000024839DBB398.  list count = 0
[LOG] SystemI::createSoundInternal             :     exinfo->fileoffset         = 20608
[LOG] SystemI::createSoundInternal             :     exinfo->numsubsounds       = 1
[LOG] SystemI::createSoundInternal             :     exinfo->inclusionlist      = 000002486615DE80
[LOG] SystemI::createSoundInternal             :     exinfo->inclusionlistnum   = 1
[LOG] SystemI::createSoundInternal             :     exinfo->suggestedsoundtype = 5
[LOG] SystemI::createSoundInternal             :     exinfo->initialseekpostype = 1
[LOG] SystemI::createSoundInternal             :     Stream 0/1: name='egyptLevel3secondEvilLoopLow_mastered', format=2, channels=2, frequency=48000, lengthbytes=215584, lengthpcm=781016, pcmblocksize=0, loopstart=0, loopend=0, mode=0x00000000, channelmask=0x00000000, channelorder=0, peakvolume=0.966052.
[LOG] AsyncThread::threadFunc                  : Finished Asynchronous operation on sound 000002484F9445E8
[LOG] AsyncThread::threadFunc                  : Starting Asynchronous operation on sound 000002484F944798
[LOG] SystemI::createSoundInternal             :     Create name='FMOD\egyptFmod\Build\Desktop/Master.bank', mode=0x02010082
[LOG] SystemI::createSoundInternal             :     exinfo->cbsize             = 224
[LOG] SystemI::createSoundInternal             :     exinfo->length             = 4691264
[LOG] SystemI::createSoundInternal             :     exinfo->fileoffset         = 20608
[LOG] SystemI::createSoundInternal             :     exinfo->numsubsounds       = 1
[LOG] SystemI::createSoundInternal             :     exinfo->inclusionlist      = 000002486615D5C0
[LOG] SystemI::createSoundInternal             :     exinfo->inclusionlistnum   = 1
[LOG] SystemI::createSoundInternal             :     exinfo->suggestedsoundtype = 5
[LOG] SystemI::createSoundInternal             :     exinfo->initialseekpostype = 1
[LOG] SystemI::createSoundInternal             :     Stream 0/1: name='egyptLevel3secondEvilLoopHigh_mastered', format=2, channels=2, frequency=48000, lengthbytes=228608, lengthpcm=781016, pcmblocksize=0, loopstart=0, loopend=0, mode=0x00000000, channelmask=0x00000000, channelorder=0, peakvolume=0.966051.
[LOG] AsyncThread::threadFunc                  : Finished Asynchronous operation on sound 000002484F944798
[LOG] SoundI::getSubSound                      : sound 000002484F9445E8.  Subsound index 0 / 1
[LOG] SoundI::getSubSound                      : sound 000002484F944798.  Subsound index 0 / 1
[LOG] SoundI::release                          : egyptLevel3tiutaBassFix2_mastered (0000024879D04F48)
[LOG] SoundI::release                          :     egyptLevel3tiutaBassFix2_mastered (000002484F3471F8)
[LOG] SoundI::release                          :     egyptLevel3tiutaBassFix2_mastered (0000024879DD0C38)
[LOG] Manager::readBank                        : fileversion = 123, compatVersion = 119 (oldest = 44, newest = 123)
[LOG] Manager::readBank                        : fileversion = 123, compatVersion = 119 (oldest = 44, newest = 123)
[LOG] Manager::readBank                        : fileversion = 123, compatVersion = 119 (oldest = 44, newest = 123)
[LOG] SystemI::createSound                     : filename = FMOD\egyptFmod\Build\Desktop/Master.bank : mode 02010082
[LOG] SystemI::createSound                     : FMOD_NONBLOCKING specified.  Putting into queue to be opened asynchronously!
[LOG] SystemI::createSound                     : setdata soundi = 0000024879D04F48 : node = 00000248669600B0
[LOG] SystemI::createSound                     : add node to async list : head = 0000024839DBB398.  list count = 0
[LOG] SystemI::createSound                     : filename = FMOD\egyptFmod\Build\Desktop/Master.bank : mode 02010082
[LOG] AsyncThread::threadFunc                  : Starting Asynchronous operation on sound 0000024879D04F48
[LOG] SystemI::createSound                     : FMOD_NONBLOCKING specified.  Putting into queue to be opened asynchronously!
[LOG] SystemI::createSoundInternal             :     Create name='FMOD\egyptFmod\Build\Desktop/Master.bank', mode=0x02010082
[LOG] SystemI::createSoundInternal             :     exinfo->cbsize             = 224
[LOG] SystemI::createSound                     :     setdata soundi = 0000024818372728 : node = 0000024866960470
[LOG] SystemI::createSoundInternal             :     exinfo->length             = 4691264
[LOG] SystemI::createSound                     :     add node to async list : head = 0000024839DBB398.  list count = 0
[LOG] SystemI::createSoundInternal             :     exinfo->fileoffset         = 20608
[LOG] SystemI::createSoundInternal             :     exinfo->numsubsounds       = 1
[LOG] SystemI::createSound                     :     filename = FMOD\egyptFmod\Build\Desktop/Master.bank : mode 02010082
[LOG] SystemI::createSoundInternal             :     exinfo->inclusionlist      = 00000248669601C0
[LOG] SystemI::createSound                     :     FMOD_NONBLOCKING specified.  Putting into queue to be opened asynchronously!
[LOG] SystemI::createSoundInternal             :     exinfo->inclusionlistnum   = 1
[LOG] SystemI::createSound                     :     setdata soundi = 0000024818372068 : node = 000002486695FE30
[LOG] SystemI::createSoundInternal             :     exinfo->suggestedsoundtype = 5
[LOG] SystemI::createSound                     :     add node to async list : head = 0000024839DBB398.  list count = 1
[LOG] SystemI::createSoundInternal             :     exinfo->initialseekpostype = 1
[LOG] SystemI::createSoundInternal             :     Stream 0/1: name='egyptLevel3secondEvilLoopLow_mastered', format=2, channels=2, frequency=48000, lengthbytes=215584, lengthpcm=781016, pcmblocksize=0, loopstart=0, loopend=0, mode=0x00000000, channelmask=0x00000000, channelorder=0, peakvolume=0.966052.
[LOG] AsyncThread::threadFunc                  : Finished Asynchronous operation on sound 0000024879D04F48
[LOG] AsyncThread::threadFunc                  : Starting Asynchronous operation on sound 0000024818372728
[LOG] SystemI::createSoundInternal             :     Create name='FMOD\egyptFmod\Build\Desktop/Master.bank', mode=0x02010082
[LOG] SystemI::createSoundInternal             :     exinfo->cbsize             = 224
[LOG] SystemI::createSoundInternal             :     exinfo->length             = 4691264
[LOG] SystemI::createSoundInternal             :     exinfo->fileoffset         = 20608
[LOG] SystemI::createSoundInternal             :     exinfo->numsubsounds       = 1
[LOG] SystemI::createSoundInternal             :     exinfo->inclusionlist      = 0000024866960580
[LOG] SystemI::createSoundInternal             :     exinfo->inclusionlistnum   = 1
[LOG] SystemI::createSoundInternal             :     exinfo->suggestedsoundtype = 5
[LOG] SystemI::createSoundInternal             :     exinfo->initialseekpostype = 1
[LOG] SystemI::createSoundInternal             :     Stream 0/1: name='egyptLevel3secondEvilLoopHigh_mastered', format=2, channels=2, frequency=48000, lengthbytes=228608, lengthpcm=781016, pcmblocksize=0, loopstart=0, loopend=0, mode=0x00000000, channelmask=0x00000000, channelorder=0, peakvolume=0.966051.
[LOG] AsyncThread::threadFunc                  : Finished Asynchronous operation on sound 0000024818372728
[LOG] AsyncThread::threadFunc                  : Starting Asynchronous operation on sound 0000024818372068
[LOG] SystemI::createSoundInternal             :     Create name='FMOD\egyptFmod\Build\Desktop/Master.bank', mode=0x02010082
[LOG] SystemI::createSoundInternal             :     exinfo->cbsize             = 224
[LOG] SystemI::createSoundInternal             :     exinfo->length             = 4691264
[LOG] SystemI::createSoundInternal             :     exinfo->fileoffset         = 20608
[LOG] SystemI::createSoundInternal             :     exinfo->numsubsounds       = 1
[LOG] SystemI::createSoundInternal             :     exinfo->inclusionlist      = 000002486695FF40
[LOG] SystemI::createSoundInternal             :     exinfo->inclusionlistnum   = 1
[LOG] SystemI::createSoundInternal             :     exinfo->suggestedsoundtype = 5
[LOG] SystemI::createSoundInternal             :     exinfo->initialseekposition = 56949
[LOG] SystemI::createSoundInternal             :     exinfo->initialseekpostype = 1
[LOG] SystemI::createSoundInternal             :     Stream 0/1: name='egyptLevel3tiutaBassFix2_mastered', format=2, channels=2, frequency=48000, lengthbytes=1455808, lengthpcm=5121346, pcmblocksize=0, loopstart=0, loopend=0, mode=0x00000000, channelmask=0x00000000, channelorder=0, peakvolume=0.966051.
[LOG] AsyncThread::threadFunc                  : Finished Asynchronous operation on sound 0000024818372068
[LOG] SoundI::getSubSound                      : sound 0000024879D04F48.  Subsound index 0 / 1
[LOG] SoundI::getSubSound                      : sound 0000024818372728.  Subsound index 0 / 1
[LOG] SoundI::getSubSound                      : sound 0000024818372068.  Subsound index 0 / 1
[LOG] SoundI::release                          : egyptLevel3secondEvilLoopHigh_mastered (000002484F944798)
[LOG] SoundI::release                          :     egyptLevel3secondEvilLoopHigh_mastered (0000024866BE2E48)
[LOG] SoundI::release                          :     egyptLevel3secondEvilLoopHigh_mastered (0000024879DD08D8)
[LOG] SoundI::release                          : egyptLevel3secondEvilLoopLow_mastered (000002484F9445E8)
[LOG] SoundI::release                          :     egyptLevel3secondEvilLoopLow_mastered (0000024839E60968)
[LOG] SoundI::release                          :     egyptLevel3secondEvilLoopLow_mastered (0000024879DD0DE8)
[LOG] SoundI::release                          : egyptLevel3tiutaBassFix2_mastered (0000024818372068)
[LOG] SoundI::release                          :     egyptLevel3tiutaBassFix2_mastered (000002484F3471F8)
[LOG] SoundI::release                          :     egyptLevel3tiutaBassFix2_mastered (0000024879DD0F98)
[LOG] Manager::readBank                        : fileversion = 123, compatVersion = 119 (oldest = 44, newest = 123)
[LOG] SoundI::release                          : egyptLevel3secondEvilLoopHigh_mastered (0000024818372728)
[LOG] SoundI::release                          :     egyptLevel3secondEvilLoopHigh_mastered (0000024866BDF568)
[LOG] SoundI::release                          :     egyptLevel3secondEvilLoopHigh_mastered (0000024879DD0C38)
[LOG] SoundI::release                          : egyptLevel3secondEvilLoopLow_mastered (0000024879D04F48)
[LOG] SoundI::release                          :     egyptLevel3secondEvilLoopLow_mastered (0000024866BDF228)
[LOG] SoundI::release                          :     egyptLevel3secondEvilLoopLow_mastered (0000024879DD0728)
[LOG] SoundI::release                          :  (000002485B473268)
[LOG] SoundI::release                          :     jump (0000024839E60E48)
[LOG] SoundI::release                          :  (000002485B473B08)
[LOG] SoundI::release                          :     land (0000024839E60628)
[LOG] SoundI::release                          :  (000002485B473F58)
[LOG] SoundI::release                          :     FootstepsCement_BW.7537_normalized-001 (0000024839E60488)
[LOG] SoundI::release                          :  (000002485B4730F8)
[LOG] SoundI::release                          :     FootstepsCement_BW.7537_normalized-002 (0000024839E60B08)
[LOG] SoundI::release                          :  (000002485B472F88)
[LOG] SoundI::release                          :     sfx_enemyShotExplodes_normForFmod (0000024839E60CA8)
[LOG] SoundI::release                          :  (000002485B470E78)
[LOG] SoundI::release                          :     dropLong (000002484F347878)
[LOG] SoundI::release                          :  (000002486D06BB88)
[LOG] SoundI::release                          :     FireLightCrackles_HV.262-glued_normalized (0000024839DBBA68)
[LOG] Thread::callback                         : FMOD Studio update thread finished.
[LOG] Thread::callback                         : FMOD Studio bank load thread finished.
[LOG] ProfileClient::markForDead               : Closing client connection
[LOG] Profile::disconnectAll                   : Profiler disconnecting all clients
[LOG] FMOD_OS_Net_Read                         : Interrupted.[LOG] Thread::callback                         : FMOD profiler thread (send) finished.
[LOG] ProfileClient::recvThreadLoopFunction    : Socket disconnected
[LOG] Thread::callback                         : FMOD profiler thread (recv) finished.
[LOG] Thread::callback                         : FMOD Studio sample load thread finished.
[LOG] LiveUpdate::release                      : 
[LOG] LiveUpdate::reset                        : Reset connection (reason Disconnected)
[LOG] Thread::callback                         : FMOD stream thread finished.
[LOG] Thread::callback                         : FMOD mixer thread finished.
[LOG] Profile::disconnectAll                   : Profiler disconnecting all clients
[LOG] SystemI::close                           : Closed.
[LOG] Manager::readBank                        : fileversion = 123, compatVersion = 119 (oldest = 44, newest = 123)
[LOG] Manager::readBank                        : fileversion = 123, compatVersion = 119 (oldest = 44, newest = 123)
[LOG] Manager::readBank                        : fileversion = 123, compatVersion = 119 (oldest = 44, newest = 123)
[LOG] PlaybackSystem::acquireMasterBus         : Setting master channel group format to 6
[LOG] Thread::callback                         : FMOD Studio bank load thread finished.
[LOG] Thread::callback                         : FMOD Studio sample load thread finished.
[LOG] LiveUpdate::release                      : 
[LOG] LiveUpdate::reset                        : Reset connection (reason Disconnected)
[LOG] Thread::callback                         : FMOD stream thread finished.
[LOG] Thread::callback                         : FMOD mixer thread finished.
[LOG] Thread::callback                         : FMOD nonblocking thread (0) finished.
[LOG] Thread::callback                         : FMOD file thread finished.
[LOG] SystemI::close                           : Closed.
